STEEM_TRANS_AUTHOR wdev
(node:10140) ExperimentalWarning: The fs.promises API is experimental
(node:10150) ExperimentalWarning: The fs.promises API is experimental
2018-07-09T05:21:02.064Z [ 24015879 ~ 24015904 ( block : 26, replies : 83 ) ]
2018-07-09T05:21:02.065Z --------------------------------------------------
2018-07-09T05:21:02.065Z [ end ]
2018-07-09T05:21:05.405Z [ 24015905 ~ 24015905 ( block : 1, replies : 4 ) ]
2018-07-09T05:21:05.405Z --------------------------------------------------
2018-07-09T05:21:05.406Z [ end ]
2018-07-09T05:21:08.775Z [ 24015906 ~ 24015906 ( block : 1, replies : 3 ) ]
2018-07-09T05:21:08.775Z --------------------------------------------------
2018-07-09T05:21:08.775Z [ end ]
2018-07-09T05:21:12.019Z [ 24015907 ~ 24015907 ( block : 1, replies : 3 ) ]
2018-07-09T05:21:12.020Z --------------------------------------------------
2018-07-09T05:21:12.020Z [ end ]
2018-07-09T05:21:15.216Z [ 24015908 ~ 24015908 ( block : 1, replies : 2 ) ]
2018-07-09T05:21:15.216Z --------------------------------------------------
2018-07-09T05:21:15.216Z [ end ]
2018-07-09T05:21:19.000Z [ 24015909 ~ 24015909 ( block : 1, replies : 4 ) ]
2018-07-09T05:21:19.000Z --------------------------------------------------
2018-07-09T05:21:19.001Z [ end ]
2018-07-09T05:21:22.250Z [ 24015910 ~ 24015910 ( block : 1, replies : 3 ) ]
2018-07-09T05:21:22.250Z --------------------------------------------------
2018-07-09T05:21:22.251Z [ end ]
2018-07-09T05:21:25.865Z [ 24015911 ~ 24015912 ( block : 2, replies : 6 ) ]
2018-07-09T05:21:25.865Z --------------------------------------------------
2018-07-09T05:21:25.866Z [ end ]
2018-07-09T05:21:29.073Z [ 24015913 ~ 24015913 ( block : 1, replies : 6 ) ]
2018-07-09T05:21:29.073Z --------------------------------------------------
2018-07-09T05:21:29.073Z [ end ]
2018-07-09T05:21:32.296Z [ 24015914 ~ 24015914 ( block : 1, replies : 2 ) ]
2018-07-09T05:21:32.296Z --------------------------------------------------
2018-07-09T05:21:32.296Z [ end ]
2018-07-09T05:21:35.483Z [ 24015915 ~ 24015915 ( block : 1, replies : 3 ) ]
2018-07-09T05:21:35.483Z --------------------------------------------------
2018-07-09T05:21:35.484Z [ end ]
2018-07-09T05:21:38.969Z [ 24015916 ~ 24015916 ( block : 1, replies : 2 ) ]
2018-07-09T05:21:38.969Z --------------------------------------------------
2018-07-09T05:21:38.970Z [ end ]
2018-07-09T05:21:42.127Z [ 24015917 ~ 24015917 ( block : 1, replies : 1 ) ]
2018-07-09T05:21:42.127Z --------------------------------------------------
2018-07-09T05:21:42.128Z [ end ]
2018-07-09T05:21:45.320Z [ 24015918 ~ 24015918 ( block : 1, replies : 4 ) ]
2018-07-09T05:21:45.320Z --------------------------------------------------
2018-07-09T05:21:45.321Z [ end ]
2018-07-09T05:21:48.456Z [ 24015919 ~ 24015919 ( block : 1, replies : 1 ) ]
2018-07-09T05:21:48.456Z --------------------------------------------------
2018-07-09T05:21:48.456Z [ end ]
2018-07-09T05:21:51.661Z [ 24015920 ~ 24015920 ( block : 1, replies : 2 ) ]
2018-07-09T05:21:51.661Z --------------------------------------------------
2018-07-09T05:21:51.662Z [ end ]
2018-07-09T05:21:54.911Z [ 24015921 ~ 24015921 ( block : 1, replies : 1 ) ]
2018-07-09T05:21:54.911Z --------------------------------------------------
2018-07-09T05:21:54.912Z [ end ]
2018-07-09T05:21:58.135Z [ 24015922 ~ 24015922 ( block : 1, replies : 3 ) ]
2018-07-09T05:21:58.135Z --------------------------------------------------
2018-07-09T05:21:58.135Z [ end ]
2018-07-09T05:22:01.701Z [ 24015923 ~ 24015923 ( block : 1, replies : 0 ) ]
2018-07-09T05:22:01.701Z --------------------------------------------------
2018-07-09T05:22:01.702Z [ end ]
2018-07-09T05:22:04.841Z [ 24015924 ~ 24015925 ( block : 2, replies : 5 ) ]
2018-07-09T05:22:04.841Z --------------------------------------------------
2018-07-09T05:22:04.842Z [ end ]
2018-07-09T05:22:08.110Z [ 24015926 ~ 24015926 ( block : 1, replies : 3 ) ]
2018-07-09T05:22:08.111Z --------------------------------------------------
2018-07-09T05:22:08.111Z [ end ]
2018-07-09T05:22:11.445Z [ 24015927 ~ 24015927 ( block : 1, replies : 2 ) ]
2018-07-09T05:22:11.445Z --------------------------------------------------
2018-07-09T05:22:11.445Z [ end ]
2018-07-09T05:22:14.760Z [ 24015928 ~ 24015928 ( block : 1, replies : 2 ) ]
2018-07-09T05:22:14.761Z --------------------------------------------------
2018-07-09T05:22:14.762Z [ end ]
2018-07-09T05:22:17.885Z [ 24015929 ~ 24015929 ( block : 1, replies : 1 ) ]
2018-07-09T05:22:17.885Z --------------------------------------------------
2018-07-09T05:22:17.885Z [ end ]
2018-07-09T05:22:21.387Z [ 24015930 ~ 24015930 ( block : 1, replies : 4 ) ]
2018-07-09T05:22:21.387Z --------------------------------------------------
2018-07-09T05:22:21.387Z [ end ]
2018-07-09T05:22:24.673Z [ 24015931 ~ 24015931 ( block : 1, replies : 2 ) ]
2018-07-09T05:22:24.673Z --------------------------------------------------
2018-07-09T05:22:24.674Z [ end ]
2018-07-09T05:22:27.796Z [ 24015932 ~ 24015932 ( block : 1, replies : 6 ) ]
2018-07-09T05:22:27.796Z --------------------------------------------------
2018-07-09T05:22:27.797Z [ end ]
2018-07-09T05:22:31.296Z [ 24015933 ~ 24015934 ( block : 2, replies : 5 ) ]
2018-07-09T05:22:31.296Z --------------------------------------------------
2018-07-09T05:22:31.296Z [ end ]
2018-07-09T05:22:34.575Z [ 24015935 ~ 24015935 ( block : 1, replies : 3 ) ]
2018-07-09T05:22:34.576Z --------------------------------------------------
2018-07-09T05:22:34.576Z [ end ]
2018-07-09T05:22:37.743Z [ 24015936 ~ 24015936 ( block : 1, replies : 4 ) ]
2018-07-09T05:22:37.743Z --------------------------------------------------
2018-07-09T05:22:37.744Z [ end ]
2018-07-09T05:22:41.075Z [ 24015937 ~ 24015937 ( block : 1, replies : 3 ) ]
2018-07-09T05:22:41.075Z --------------------------------------------------
2018-07-09T05:22:41.076Z [ end ]
2018-07-09T05:22:44.336Z [ 24015938 ~ 24015938 ( block : 1, replies : 0 ) ]
2018-07-09T05:22:44.336Z --------------------------------------------------
2018-07-09T05:22:44.337Z [ end ]
2018-07-09T05:22:47.461Z [ 24015939 ~ 24015939 ( block : 1, replies : 3 ) ]
2018-07-09T05:22:47.461Z --------------------------------------------------
2018-07-09T05:22:47.461Z [ end ]
2018-07-09T05:22:50.779Z [ 24015940 ~ 24015940 ( block : 1, replies : 4 ) ]
2018-07-09T05:22:50.779Z --------------------------------------------------
2018-07-09T05:22:50.780Z [ end ]
2018-07-09T05:22:53.992Z [ 24015941 ~ 24015941 ( block : 1, replies : 3 ) ]
2018-07-09T05:22:53.992Z --------------------------------------------------
2018-07-09T05:22:53.993Z [ end ]
2018-07-09T05:22:57.138Z [ 24015942 ~ 24015942 ( block : 1, replies : 3 ) ]
2018-07-09T05:22:57.138Z --------------------------------------------------
2018-07-09T05:22:57.139Z [ end ]
2018-07-09T05:23:00.237Z [ 24015943 ~ 24015943 ( block : 1, replies : 1 ) ]
2018-07-09T05:23:00.237Z --------------------------------------------------
2018-07-09T05:23:00.238Z [ end ]
2018-07-09T05:23:03.449Z [ 24015944 ~ 24015944 ( block : 1, replies : 3 ) ]
2018-07-09T05:23:03.449Z --------------------------------------------------
2018-07-09T05:23:03.450Z [ end ]
2018-07-09T05:23:06.572Z [ 24015945 ~ 24015945 ( block : 1, replies : 2 ) ]
2018-07-09T05:23:06.572Z --------------------------------------------------
2018-07-09T05:23:06.572Z [ end ]
2018-07-09T05:23:09.860Z [ 24015946 ~ 24015946 ( block : 1, replies : 2 ) ]
2018-07-09T05:23:09.860Z --------------------------------------------------
2018-07-09T05:23:09.860Z [ end ]
